<?xml version="1.0" encoding="UTF-8"?>
<testsuite xmlns:xsi="http://www.w3.org/2001/XMLSchema-instance" xsi:noNamespaceSchemaLocation="https://maven.apache.org/surefire/maven-surefire-plugin/xsd/surefire-test-report.xsd" version="3.0.2" name="com.swp.user_service.UserServiceApplicationTests" time="34.356" tests="1" errors="0" skipped="0" failures="0">
  <properties>
[...]
</properties>
  <testcase name="contextLoads" classname="com.swp.user_service.UserServiceApplicationTests" time="0.781">
    <system-out><![CDATA[16:35:04.090 [main] INFO org.springframework.test.context.support.AnnotationConfigContextLoaderUtils -- Could not detect default configuration classes for test class [com.swp.user_service.UserServiceApplicationTests]: UserServiceApplicationTests does not declare any static, non-private, non-final, nested classes annotated with @Configuration.
16:35:04.648 [main] INFO org.springframework.boot.test.context.SpringBootTestContextBootstrapper -- Found @SpringBootConfiguration com.swp.user_service.UserServiceApplication for test class com.swp.user_service.UserServiceApplicationTests

  .   ____          _            __ _ _
 /\\ / ___'_ __ _ _(_)_ __  __ _ \ \ \ \
( ( )\___ | '_ | '_| | '_ \/ _` | \ \ \ \
 \\/  ___)| |_)| | | | | || (_| |  ) ) ) )
  '  |____| .__|_| |_|_| |_\__, | / / / /
 =========|_|==============|___/=/_/_/_/

 :: Spring Boot ::                (v3.4.2)

2025-03-15T16:35:06.439+07:00  INFO 15644 --- [           main] c.s.u.UserServiceApplicationTests        : Starting UserServiceApplicationTests using Java 22.0.1 with PID 15644 (started by hp in D:\ALL_CODING_PROJECT\Folder SWP\hoangswp\BE\user-service)
2025-03-15T16:35:06.443+07:00  INFO 15644 --- [           main] c.s.u.UserServiceApplicationTests        : No active profile set, falling back to 1 default profile: "default"
2025-03-15T16:35:08.442+07:00  INFO 15644 --- [           main] .s.d.r.c.RepositoryConfigurationDelegate : Bootstrapping Spring Data JPA repositories in DEFAULT mode.
2025-03-15T16:35:08.651+07:00  INFO 15644 --- [           main] .s.d.r.c.RepositoryConfigurationDelegate : Finished Spring Data repository scanning in 194 ms. Found 12 JPA repository interfaces.
2025-03-15T16:35:09.734+07:00  INFO 15644 --- [           main] o.hibernate.jpa.internal.util.LogHelper  : HHH000204: Processing PersistenceUnitInfo [name: default]
2025-03-15T16:35:09.853+07:00  INFO 15644 --- [           main] org.hibernate.Version                    : HHH000412: Hibernate ORM core version 6.6.5.Final
2025-03-15T16:35:09.949+07:00  INFO 15644 --- [           main] o.h.c.internal.RegionFactoryInitiator    : HHH000026: Second-level cache disabled
2025-03-15T16:35:10.575+07:00  INFO 15644 --- [           main] o.s.o.j.p.SpringPersistenceUnitInfo      : No LoadTimeWeaver setup: ignoring JPA class transformer
2025-03-15T16:35:10.626+07:00  INFO 15644 --- [           main] com.zaxxer.hikari.HikariDataSource       : HikariPool-1 - Starting...
2025-03-15T16:35:11.557+07:00  INFO 15644 --- [           main] com.zaxxer.hikari.pool.HikariPool        : HikariPool-1 - Added connection com.mysql.cj.jdbc.ConnectionImpl@1eabfad5
2025-03-15T16:35:11.559+07:00  INFO 15644 --- [           main] com.zaxxer.hikari.HikariDataSource       : HikariPool-1 - Start completed.
2025-03-15T16:35:11.752+07:00  INFO 15644 --- [           main] org.hibernate.orm.connections.pooling    : HHH10001005: Database info:
	Database JDBC URL [Connecting through datasource 'HikariDataSource (HikariPool-1)']
	Database driver: undefined/unknown
	Database version: 8.0.40
	Autocommit mode: undefined/unknown
	Isolation level: undefined/unknown
	Minimum pool size: undefined/unknown
	Maximum pool size: undefined/unknown
2025-03-15T16:35:13.703+07:00  INFO 15644 --- [           main] o.h.e.t.j.p.i.JtaPlatformInitiator       : HHH000489: No JTA platform available (set 'hibernate.transaction.jta.platform' to enable JTA platform integration)
Hibernate: create table appointment (appointment_id varchar(255) not null, active bit, appointment_date datetime(6), cancelled_at datetime(6), psychologist_id varchar(255), time_slot varchar(255), user_id varchar(255) not null, primary key (appointment_id)) engine=InnoDB
Hibernate: create table blog (id varchar(255) not null, active bit, blog_code varchar(255), description varchar(255), title varchar(255), primary key (id)) engine=InnoDB
Hibernate: create table program_participation (program_id varchar(255) not null, user_id varchar(255) not null) engine=InnoDB
Hibernate: create table role (role_id varchar(50) not null, active bit, description varchar(255), role_name varchar(50) not null, primary key (role_id)) engine=InnoDB
Hibernate: create table support_program (program_id varchar(255) not null, active bit, description varchar(255), end_date date, program_code varchar(255), program_name varchar(255), registered_users integer, start_date date, primary key (program_id)) engine=InnoDB
Hibernate: create table survey (survey_id varchar(255) not null, active bit, created_date date, description varchar(255), survey_code varchar(255), title varchar(255), primary key (survey_id)) engine=InnoDB
Hibernate: create table survey_result (id bigint not null auto_increment, score integer not null, survey_id varchar(255) not null, user_id varchar(255) not null, primary key (id)) engine=InnoDB
Hibernate: create table survey_answer_option (option_id varchar(255) not null, active bit, option_text varchar(255), score integer not null, question_id varchar(255) not null, primary key (option_id)) engine=InnoDB
Hibernate: create table survey_question (question_id varchar(255) not null, active bit, question_text varchar(255), survey_id varchar(255) not null, primary key (question_id)) engine=InnoDB
Hibernate: create table survey_suggestion (id varchar(255) not null, created_at datetime(6) not null, max_score integer not null, min_score integer not null, suggestion TEXT not null, updated_at datetime(6) not null, survey_id varchar(255) not null, primary key (id)) engine=InnoDB
Hibernate: create table user (id varchar(255) not null, active bit, email varchar(255), name varchar(255), password varchar(255), role_id varchar(50) not null, primary key (id)) engine=InnoDB
Hibernate: create table user_answer (answer_id varchar(255) not null, option_id varchar(255) not null, question_id varchar(255) not null, user_id varchar(255) not null, primary key (answer_id)) engine=InnoDB
Hibernate: alter table appointment add constraint FKa8m1smlfsc8kkjn2t6wpdmysk foreign key (user_id) references user (id)
Hibernate: alter table program_participation add constraint FKoywm6syd0koy5y4w8hs39poqd foreign key (user_id) references user (id)
Hibernate: alter table program_participation add constraint FKa3eqt433wihf6f3hpsp99dtwf foreign key (program_id) references support_program (program_id)
Hibernate: alter table survey_result add constraint FK36aha48v9c2k90328xlo38j4e foreign key (survey_id) references survey (survey_id)
Hibernate: alter table survey_result add constraint FK6pctab6jxygcjovmtm11qq91d foreign key (user_id) references user (id)
Hibernate: alter table survey_answer_option add constraint FK7obke5lp02msl6729g39obb0e foreign key (question_id) references survey_question (question_id)
Hibernate: alter table survey_question add constraint FK573vicrl6b0e4d2jdg3wpvuhy foreign key (survey_id) references survey (survey_id)
Hibernate: alter table survey_suggestion add constraint FK9jq9v1jbyulsgjs4wi2hkutag foreign key (survey_id) references survey (survey_id)
Hibernate: alter table user add constraint FKn82ha3ccdebhokx3a8fgdqeyy foreign key (role_id) references role (role_id)
Hibernate: alter table user_answer add constraint FKaetghvij0vddlki0aa79oqr1y foreign key (option_id) references survey_answer_option (option_id)
Hibernate: alter table user_answer add constraint FK25axl2o59pdyrtwmfhx3vr4c9 foreign key (question_id) references survey_question (question_id)
Hibernate: alter table user_answer add constraint FK7kw17ur9w2egkc51xua3yh0ux foreign key (user_id) references user (id)
2025-03-15T16:35:15.669+07:00  INFO 15644 --- [           main] j.LocalContainerEntityManagerFactoryBean : Initialized JPA EntityManagerFactory for persistence unit 'default'
2025-03-15T16:35:16.442+07:00  INFO 15644 --- [           main] o.s.d.j.r.query.QueryEnhancerFactory     : Hibernate is in classpath; If applicable, HQL parser will be used.
2025-03-15T16:35:18.094+07:00  WARN 15644 --- [           main] JpaBaseConfiguration$JpaWebConfiguration : spring.jpa.open-in-view is enabled by default. Therefore, database queries may be performed during view rendering. Explicitly configure spring.jpa.open-in-view to disable this warning
2025-03-15T16:35:19.611+07:00  INFO 15644 --- [           main] c.s.u.UserServiceApplicationTests        : Started UserServiceApplicationTests in 14.254 seconds (process running for 36.503)
Hibernate: select count(*) from role r1_0
Hibernate: select r1_0.role_id,r1_0.active,r1_0.description,r1_0.role_name from role r1_0 where r1_0.role_id=?
Hibernate: select r1_0.role_id,r1_0.active,r1_0.description,r1_0.role_name from role r1_0 where r1_0.role_id=?
Hibernate: select r1_0.role_id,r1_0.active,r1_0.description,r1_0.role_name from role r1_0 where r1_0.role_id=?
Hibernate: select r1_0.role_id,r1_0.active,r1_0.description,r1_0.role_name from role r1_0 where r1_0.role_id=?
Hibernate: select r1_0.role_id,r1_0.active,r1_0.description,r1_0.role_name from role r1_0 where r1_0.role_id=?
Hibernate: insert into role (active,description,role_name,role_id) values (?,?,?,?)
Hibernate: insert into role (active,description,role_name,role_id) values (?,?,?,?)
Hibernate: insert into role (active,description,role_name,role_id) values (?,?,?,?)
Hibernate: insert into role (active,description,role_name,role_id) values (?,?,?,?)
Hibernate: insert into role (active,description,role_name,role_id) values (?,?,?,?)
2025-03-15T16:35:19.915+07:00  WARN 15644 --- [           main] c.s.u.c.ApplicationInitConfig            : All roles have been created
Hibernate: select u1_0.id,u1_0.active,u1_0.email,u1_0.name,u1_0.password,u1_0.role_id from user u1_0 where u1_0.email=?
Hibernate: select r1_0.role_id,r1_0.active,r1_0.description,r1_0.role_name from role r1_0 where r1_0.role_name=?
Hibernate: select null,r1_0.active,r1_0.description,r1_0.role_name from role r1_0 where r1_0.role_id=?
Hibernate: insert into user (active,email,name,password,role_id,id) values (?,?,?,?,?,?)
2025-03-15T16:35:20.225+07:00  WARN 15644 --- [           main] c.s.u.c.ApplicationInitConfig            : Admin has been created with default password admin123, please change it
Hibernate: select count(*) from survey s1_0
Hibernate: insert into survey (active,created_date,description,survey_code,title,survey_id) values (?,?,?,?,?,?)
Hibernate: insert into survey (active,created_date,description,survey_code,title,survey_id) values (?,?,?,?,?,?)
2025-03-15T16:35:20.313+07:00  WARN 15644 --- [           main] c.s.u.c.ApplicationInitConfig            : GAD-7 & PHQ-9 surveys have been created
Hibernate: select count(*) from survey_suggestion ss1_0
Hibernate: select s1_0.survey_id,s1_0.active,s1_0.created_date,s1_0.description,s1_0.survey_code,s1_0.title from survey s1_0 where s1_0.survey_code=?
Hibernate: select s1_0.survey_id,s1_0.active,s1_0.created_date,s1_0.description,s1_0.survey_code,s1_0.title from survey s1_0 where s1_0.survey_code=?
Hibernate: insert into survey_suggestion (created_at,max_score,min_score,suggestion,survey_id,updated_at,id) values (?,?,?,?,?,?,?)
Hibernate: insert into survey_suggestion (created_at,max_score,min_score,suggestion,survey_id,updated_at,id) values (?,?,?,?,?,?,?)
Hibernate: insert into survey_suggestion (created_at,max_score,min_score,suggestion,survey_id,updated_at,id) values (?,?,?,?,?,?,?)
Hibernate: insert into survey_suggestion (created_at,max_score,min_score,suggestion,survey_id,updated_at,id) values (?,?,?,?,?,?,?)
Hibernate: insert into survey_suggestion (created_at,max_score,min_score,suggestion,survey_id,updated_at,id) values (?,?,?,?,?,?,?)
Hibernate: insert into survey_suggestion (created_at,max_score,min_score,suggestion,survey_id,updated_at,id) values (?,?,?,?,?,?,?)
Hibernate: insert into survey_suggestion (created_at,max_score,min_score,suggestion,survey_id,updated_at,id) values (?,?,?,?,?,?,?)
Hibernate: insert into survey_suggestion (created_at,max_score,min_score,suggestion,survey_id,updated_at,id) values (?,?,?,?,?,?,?)
2025-03-15T16:35:20.400+07:00  WARN 15644 --- [           main] c.s.u.c.ApplicationInitConfig            : Survey suggestions have been created
]]></system-out>
    <system-err><![CDATA[Mockito is currently self-attaching to enable the inline-mock-maker. This will no longer work in future releases of the JDK. Please add Mockito as an agent to your build what is described in Mockito's documentation: https://javadoc.io/doc/org.mockito/mockito-core/latest/org/mockito/Mockito.html#0.3
WARNING: A Java agent has been loaded dynamically (C:\Users\hp\.m2\repository\net\bytebuddy\byte-buddy-agent\1.15.11\byte-buddy-agent-1.15.11.jar)
WARNING: If a serviceability tool is in use, please run with -XX:+EnableDynamicAgentLoading to hide this warning
WARNING: If a serviceability tool is not in use, please run with -Djdk.instrument.traceUsage for more information
WARNING: Dynamic loading of agents will be disallowed by default in a future release
]]></system-err>
  </testcase>
</testsuite>